<?xml version="1.0" encoding="utf-8"?><testsuites name="pytest tests"><testsuite name="pytest" errors="0" failures="0" skipped="0" tests="13" time="1.329" timestamp="2026-05-08T19:16:18.633521+00:00" hostname="agent-env-03bb3f34-3790-49ad-8009-276aed4b852f"><testcase classname="backend.tests.test_safesteps_api.TestHealth" name="test_root" time="0.316" /><testcase classname="backend.tests.test_safesteps_api.TestProducts" name="test_list_all" time="0.073" /><testcase classname="backend.tests.test_safesteps_api.TestProducts" name="test_filter_collares" time="0.079" /><testcase classname="backend.tests.test_safesteps_api.TestProducts" name="test_filter_pulseras" time="0.072" /><testcase classname="backend.tests.test_safesteps_api.TestProducts" name="test_filter_todos" time="0.075" /><testcase classname="backend.tests.test_safesteps_api.TestProducts" name="test_get_by_id_valid" time="0.069" /><testcase classname="backend.tests.test_safesteps_api.TestProducts" name="test_get_by_id_invalid" time="0.090" /><testcase classname="backend.tests.test_safesteps_api.TestContact" name="test_create_valid" time="0.079" /><testcase classname="backend.tests.test_safesteps_api.TestContact" name="test_create_invalid_email" time="0.069" /><testcase classname="backend.tests.test_safesteps_api.TestContact" name="test_create_missing_message" time="0.067" /><testcase classname="backend.tests.test_safesteps_api.TestContact" name="test_list_messages" time="0.069" /><testcase classname="backend.tests.test_safesteps_api.TestAdvisory" name="test_create_advisory" time="0.077" /><testcase classname="backend.tests.test_safesteps_api.TestAdvisory" name="test_advisory_invalid_email" time="0.070" /></testsuite></testsuites>